<?xml version="1.0" encoding="UTF-8"?>
<!-- Generated by org.testng.reporters.JUnitReportReporter -->
<testsuite hostname="MacBookAir.fios-router.home" failures="0" tests="1" name="SDET_SeleniumPractice.tutorialsNinjaTest" time="30.963" errors="0" timestamp="2025-02-13T21:30:11 EST" skipped="0">
  <testcase classname="SDET_SeleniumPractice.tutorialsNinjaTest" name="aatutorialsNinja" time="30.963"/>
  <system-out/>
</testsuite> <!-- SDET_SeleniumPractice.tutorialsNinjaTest -->
